{"name": "Parameterized test of FAQ answers on the home page", "status": "broken", "statusDetails": {"message": "selenium.common.exceptions.ElementClickInterceptedException: Message: Element <div id=\"accordion__heading-1\" class=\"accordion__button\"> is not clickable at point (949,289) because another element <img src=\"/assets/scooter.png\"> obscures it\nStacktrace:\nRemoteError@chrome://remote/content/shared/RemoteError.sys.mjs:8:8\nWebDriverError@chrome://remote/content/shared/webdriver/Errors.sys.mjs:193:5\nElementClickInterceptedError@chrome://remote/content/shared/webdriver/Errors.sys.mjs:337:5\nwebdriverClickElement@chrome://remote/content/marionette/interaction.sys.mjs:176:11\ninteraction.clickElement@chrome://remote/content/marionette/interaction.sys.mjs:135:11\nclickElement@chrome://remote/content/marionette/actors/MarionetteCommandsChild.sys.mjs:204:29\nreceiveMessage@chrome://remote/content/marionette/actors/MarionetteCommandsChild.sys.mjs:84:31", "trace": "self = <tests.test_faq_answers.TestFaq object at 0x000001A141811510>, driver = <selenium.webdriver.firefox.webdriver.WebDriver (session=\"30d19a75-a115-4eec-b8ae-47bda60befdf\")>\nquestion_locator = ['xpath', \".//div[@id = 'accordion__heading-1']\"], answer_locator = ['xpath', \".//div[@id = 'accordion__panel-1']\"]\nexpected_answer_text = 'Пока что у нас так: один заказ — один самокат. Если хотите покататься с друзьями, можете просто сделать несколько заказов — один за другим.'\n\n    @allure.title('Parameterized test of FAQ answers on the home page')\n    @allure.description('Checking that after clicking on a specific question a correct answer is displayed')\n    @pytest.mark.parametrize('question_locator, answer_locator, expected_answer_text', FaqAnswers.test_data)\n    def test_question_and_answer(self, driver, question_locator, answer_locator, expected_answer_text):\n        home_page = HomePage(driver)\n>       answer_text = home_page.get_answer_text(question_locator, answer_locator)\n\ntests\\test_faq_answers.py:14: \n_ _ _ _ _ _ _ _ _ _ _ _ _ _ _ _ _ _ _ _ _ _ _ _ _ _ _ _ _ _ _ _ _ _ _ _ _ _ _ _ _ _ _ _ _ _ _ _ _ _ _ _ _ _ _ _ _ _ _ _ _ _ _ _ _ _ _ _ _ _ _ _ _ _ _ _ _ _ _ _ _ _ _ _ _ _ _ _ _ _ _ _ _ _ _ _ _ _ _ _ _ _ _ _ _ _ _ _ _ _ _ _ _ _ _ _\npages\\home_page.py:13: in get_answer_text\n    self.click_element(question_locator)\npages\\base_page.py:19: in click_element\n    Wait(self.driver, timeout=10).until(ec.visibility_of_element_located(locator)).click()\n.venv\\Lib\\site-packages\\selenium\\webdriver\\remote\\webelement.py:94: in click\n    self._execute(Command.CLICK_ELEMENT)\n.venv\\Lib\\site-packages\\selenium\\webdriver\\remote\\webelement.py:395: in _execute\n    return self._parent.execute(command, params)\n.venv\\Lib\\site-packages\\selenium\\webdriver\\remote\\webdriver.py:347: in execute\n    self.error_handler.check_response(response)\n_ _ _ _ _ _ _ _ _ _ _ _ _ _ _ _ _ _ _ _ _ _ _ _ _ _ _ _ _ _ _ _ _ _ _ _ _ _ _ _ _ _ _ _ _ _ _ _ _ _ _ _ _ _ _ _ _ _ _ _ _ _ _ _ _ _ _ _ _ _ _ _ _ _ _ _ _ _ _ _ _ _ _ _ _ _ _ _ _ _ _ _ _ _ _ _ _ _ _ _ _ _ _ _ _ _ _ _ _ _ _ _ _ _ _ _\n\nself = <selenium.webdriver.remote.errorhandler.ErrorHandler object at 0x000001A14182F290>\nresponse = {'status': 400, 'value': '{\"value\":{\"error\":\"element click intercepted\",\"message\":\"Element <div id=\\\\\"accordion__headi...sys.mjs:204:29\\\\nreceiveMessage@chrome://remote/content/marionette/actors/MarionetteCommandsChild.sys.mjs:84:31\\\\n\"}}'}\n\n    def check_response(self, response: Dict[str, Any]) -> None:\n        \"\"\"Checks that a JSON response from the WebDriver does not have an\n        error.\n    \n        :Args:\n         - response - The JSON response from the WebDriver server as a dictionary\n           object.\n    \n        :Raises: If the response contains an error message.\n        \"\"\"\n        status = response.get(\"status\", None)\n        if not status or status == ErrorCode.SUCCESS:\n            return\n        value = None\n        message = response.get(\"message\", \"\")\n        screen: str = response.get(\"screen\", \"\")\n        stacktrace = None\n        if isinstance(status, int):\n            value_json = response.get(\"value\", None)\n            if value_json and isinstance(value_json, str):\n                import json\n    \n                try:\n                    value = json.loads(value_json)\n                    if len(value) == 1:\n                        value = value[\"value\"]\n                    status = value.get(\"error\", None)\n                    if not status:\n                        status = value.get(\"status\", ErrorCode.UNKNOWN_ERROR)\n                        message = value.get(\"value\") or value.get(\"message\")\n                        if not isinstance(message, str):\n                            value = message\n                            message = message.get(\"message\")\n                    else:\n                        message = value.get(\"message\", None)\n                except ValueError:\n                    pass\n    \n        exception_class: Type[WebDriverException]\n        e = ErrorCode()\n        error_codes = [item for item in dir(e) if not item.startswith(\"__\")]\n        for error_code in error_codes:\n            error_info = getattr(ErrorCode, error_code)\n            if isinstance(error_info, list) and status in error_info:\n                exception_class = getattr(ExceptionMapping, error_code, WebDriverException)\n                break\n        else:\n            exception_class = WebDriverException\n    \n        if not value:\n            value = response[\"value\"]\n        if isinstance(value, str):\n            raise exception_class(value)\n        if message == \"\" and \"message\" in value:\n            message = value[\"message\"]\n    \n        screen = None  # type: ignore[assignment]\n        if \"screen\" in value:\n            screen = value[\"screen\"]\n    \n        stacktrace = None\n        st_value = value.get(\"stackTrace\") or value.get(\"stacktrace\")\n        if st_value:\n            if isinstance(st_value, str):\n                stacktrace = st_value.split(\"\\n\")\n            else:\n                stacktrace = []\n                try:\n                    for frame in st_value:\n                        line = frame.get(\"lineNumber\", \"\")\n                        file = frame.get(\"fileName\", \"<anonymous>\")\n                        if line:\n                            file = f\"{file}:{line}\"\n                        meth = frame.get(\"methodName\", \"<anonymous>\")\n                        if \"className\" in frame:\n                            meth = f\"{frame['className']}.{meth}\"\n                        msg = \"    at %s (%s)\"\n                        msg = msg % (meth, file)\n                        stacktrace.append(msg)\n                except TypeError:\n                    pass\n        if exception_class == UnexpectedAlertPresentException:\n            alert_text = None\n            if \"data\" in value:\n                alert_text = value[\"data\"].get(\"text\")\n            elif \"alert\" in value:\n                alert_text = value[\"alert\"].get(\"text\")\n            raise exception_class(message, screen, stacktrace, alert_text)  # type: ignore[call-arg]  # mypy is not smart enough here\n>       raise exception_class(message, screen, stacktrace)\nE       selenium.common.exceptions.ElementClickInterceptedException: Message: Element <div id=\"accordion__heading-1\" class=\"accordion__button\"> is not clickable at point (949,289) because another element <img src=\"/assets/scooter.png\"> obscures it\nE       Stacktrace:\nE       RemoteError@chrome://remote/content/shared/RemoteError.sys.mjs:8:8\nE       WebDriverError@chrome://remote/content/shared/webdriver/Errors.sys.mjs:193:5\nE       ElementClickInterceptedError@chrome://remote/content/shared/webdriver/Errors.sys.mjs:337:5\nE       webdriverClickElement@chrome://remote/content/marionette/interaction.sys.mjs:176:11\nE       interaction.clickElement@chrome://remote/content/marionette/interaction.sys.mjs:135:11\nE       clickElement@chrome://remote/content/marionette/actors/MarionetteCommandsChild.sys.mjs:204:29\nE       receiveMessage@chrome://remote/content/marionette/actors/MarionetteCommandsChild.sys.mjs:84:31\n\n.venv\\Lib\\site-packages\\selenium\\webdriver\\remote\\errorhandler.py:229: ElementClickInterceptedException"}, "description": "Checking that after clicking on a specific question a correct answer is displayed", "steps": [{"name": "Returnig the text of the specific answer", "status": "broken", "statusDetails": {"message": "selenium.common.exceptions.ElementClickInterceptedException: Message: Element <div id=\"accordion__heading-1\" class=\"accordion__button\"> is not clickable at point (949,289) because another element <img src=\"/assets/scooter.png\"> obscures it\nStacktrace:\nRemoteError@chrome://remote/content/shared/RemoteError.sys.mjs:8:8\nWebDriverError@chrome://remote/content/shared/webdriver/Errors.sys.mjs:193:5\nElementClickInterceptedError@chrome://remote/content/shared/webdriver/Errors.sys.mjs:337:5\nwebdriverClickElement@chrome://remote/content/marionette/interaction.sys.mjs:176:11\ninteraction.clickElement@chrome://remote/content/marionette/interaction.sys.mjs:135:11\nclickElement@chrome://remote/content/marionette/actors/MarionetteCommandsChild.sys.mjs:204:29\nreceiveMessage@chrome://remote/content/marionette/actors/MarionetteCommandsChild.sys.mjs:84:31\n\n", "trace": "  File \"C:\\Users\\Apaxuc\\PycharmProjects\\Sprint_6\\.venv\\Lib\\site-packages\\allure_commons\\_allure.py\", line 192, in impl\n    return func(*a, **kw)\n           ^^^^^^^^^^^^^^\n  File \"C:\\Users\\Apaxuc\\PycharmProjects\\Sprint_6\\pages\\home_page.py\", line 13, in get_answer_text\n    self.click_element(question_locator)\n  File \"C:\\Users\\Apaxuc\\PycharmProjects\\Sprint_6\\.venv\\Lib\\site-packages\\allure_commons\\_allure.py\", line 192, in impl\n    return func(*a, **kw)\n           ^^^^^^^^^^^^^^\n  File \"C:\\Users\\Apaxuc\\PycharmProjects\\Sprint_6\\pages\\base_page.py\", line 19, in click_element\n    Wait(self.driver, timeout=10).until(ec.visibility_of_element_located(locator)).click()\n  File \"C:\\Users\\Apaxuc\\PycharmProjects\\Sprint_6\\.venv\\Lib\\site-packages\\selenium\\webdriver\\remote\\webelement.py\", line 94, in click\n    self._execute(Command.CLICK_ELEMENT)\n  File \"C:\\Users\\Apaxuc\\PycharmProjects\\Sprint_6\\.venv\\Lib\\site-packages\\selenium\\webdriver\\remote\\webelement.py\", line 395, in _execute\n    return self._parent.execute(command, params)\n           ^^^^^^^^^^^^^^^^^^^^^^^^^^^^^^^^^^^^^\n  File \"C:\\Users\\Apaxuc\\PycharmProjects\\Sprint_6\\.venv\\Lib\\site-packages\\selenium\\webdriver\\remote\\webdriver.py\", line 347, in execute\n    self.error_handler.check_response(response)\n  File \"C:\\Users\\Apaxuc\\PycharmProjects\\Sprint_6\\.venv\\Lib\\site-packages\\selenium\\webdriver\\remote\\errorhandler.py\", line 229, in check_response\n    raise exception_class(message, screen, stacktrace)\n"}, "steps": [{"name": "Scrolling to the specified element", "status": "passed", "parameters": [{"name": "locator", "value": "['xpath', \".//div[@id = 'accordion__heading-1']\"]"}], "start": 1716726280261, "stop": 1716726280273}, {"name": "Clicking on the specified element", "status": "broken", "statusDetails": {"message": "selenium.common.exceptions.ElementClickInterceptedException: Message: Element <div id=\"accordion__heading-1\" class=\"accordion__button\"> is not clickable at point (949,289) because another element <img src=\"/assets/scooter.png\"> obscures it\nStacktrace:\nRemoteError@chrome://remote/content/shared/RemoteError.sys.mjs:8:8\nWebDriverError@chrome://remote/content/shared/webdriver/Errors.sys.mjs:193:5\nElementClickInterceptedError@chrome://remote/content/shared/webdriver/Errors.sys.mjs:337:5\nwebdriverClickElement@chrome://remote/content/marionette/interaction.sys.mjs:176:11\ninteraction.clickElement@chrome://remote/content/marionette/interaction.sys.mjs:135:11\nclickElement@chrome://remote/content/marionette/actors/MarionetteCommandsChild.sys.mjs:204:29\nreceiveMessage@chrome://remote/content/marionette/actors/MarionetteCommandsChild.sys.mjs:84:31\n\n", "trace": "  File \"C:\\Users\\Apaxuc\\PycharmProjects\\Sprint_6\\.venv\\Lib\\site-packages\\allure_commons\\_allure.py\", line 192, in impl\n    return func(*a, **kw)\n           ^^^^^^^^^^^^^^\n  File \"C:\\Users\\Apaxuc\\PycharmProjects\\Sprint_6\\pages\\base_page.py\", line 19, in click_element\n    Wait(self.driver, timeout=10).until(ec.visibility_of_element_located(locator)).click()\n  File \"C:\\Users\\Apaxuc\\PycharmProjects\\Sprint_6\\.venv\\Lib\\site-packages\\selenium\\webdriver\\remote\\webelement.py\", line 94, in click\n    self._execute(Command.CLICK_ELEMENT)\n  File \"C:\\Users\\Apaxuc\\PycharmProjects\\Sprint_6\\.venv\\Lib\\site-packages\\selenium\\webdriver\\remote\\webelement.py\", line 395, in _execute\n    return self._parent.execute(command, params)\n           ^^^^^^^^^^^^^^^^^^^^^^^^^^^^^^^^^^^^^\n  File \"C:\\Users\\Apaxuc\\PycharmProjects\\Sprint_6\\.venv\\Lib\\site-packages\\selenium\\webdriver\\remote\\webdriver.py\", line 347, in execute\n    self.error_handler.check_response(response)\n  File \"C:\\Users\\Apaxuc\\PycharmProjects\\Sprint_6\\.venv\\Lib\\site-packages\\selenium\\webdriver\\remote\\errorhandler.py\", line 229, in check_response\n    raise exception_class(message, screen, stacktrace)\n"}, "parameters": [{"name": "locator", "value": "['xpath', \".//div[@id = 'accordion__heading-1']\"]"}], "start": 1716726280273, "stop": 1716726280283}], "parameters": [{"name": "question_locator", "value": "['xpath', \".//div[@id = 'accordion__heading-1']\"]"}, {"name": "answer_locator", "value": "['xpath', \".//div[@id = 'accordion__panel-1']\"]"}], "start": 1716726280260, "stop": 1716726280291}], "parameters": [{"name": "question_locator", "value": "['xpath', \".//div[@id = 'accordion__heading-1']\"]"}, {"name": "answer_locator", "value": "['xpath', \".//div[@id = 'accordion__panel-1']\"]"}, {"name": "expected_answer_text", "value": "'Пока что у нас так: один заказ — один самокат. Если хотите покататься с друзьями, можете просто сделать несколько заказов — один за другим.'"}], "start": 1716726280260, "stop": 1716726280291, "uuid": "2db97cb3-09c4-47fd-b891-0cb599d37b6c", "historyId": "c0538a145cf9b7ec734a61c99643a073", "testCaseId": "2c1030b7f2bdf5c1cfd946d31ffba384", "fullName": "tests.test_faq_answers.TestFaq#test_question_and_answer", "labels": [{"name": "parentSuite", "value": "tests"}, {"name": "suite", "value": "test_faq_answers"}, {"name": "subSuite", "value": "TestFaq"}, {"name": "host", "value": "DESKTOP-4KK18J8"}, {"name": "thread", "value": "21492-MainThread"}, {"name": "framework", "value": "pytest"}, {"name": "language", "value": "cpython3"}, {"name": "package", "value": "tests.test_faq_answers"}]}